Using pre-set license
Built from '2022.3/staging' branch; Version is '2022.3.14f1 (eff2de9070d8) revision 15725278'; Using compiler version '192829333'; Build Type 'Release'
OS: 'Windows 10  (10.0.19045) 64bit Education' Language: 'ko' Physical Memory: 16297 MB
BatchMode: 1, IsHumanControllingUs: 0, StartBugReporterOnCrash: 0, Is64bit: 1, IsPro: 1

COMMAND LINE ARGUMENTS:
C:\Program Files\Unity\Editor\2022.3.14f1\Editor\Unity.exe
-adb2
-batchMode
-noUpm
-name
AssetImportWorker0
-projectPath
C:/Users/Administrator/Desktop/Unity/Program
-logFile
Logs/AssetImportWorker0.log
-srvPort
49952
Successfully changed project path to: C:/Users/Administrator/Desktop/Unity/Program
C:/Users/Administrator/Desktop/Unity/Program
[UnityMemory] Configuration Parameters - Can be set up in boot.config
    "memorysetup-bucket-allocator-granularity=16"
    "memorysetup-bucket-allocator-bucket-count=8"
    "memorysetup-bucket-allocator-block-size=33554432"
    "memorysetup-bucket-allocator-block-count=8"
    "memorysetup-main-allocator-block-size=16777216"
    "memorysetup-thread-allocator-block-size=16777216"
    "memorysetup-gfx-main-allocator-block-size=16777216"
    "memorysetup-gfx-thread-allocator-block-size=16777216"
    "memorysetup-cache-allocator-block-size=4194304"
    "memorysetup-typetree-allocator-block-size=2097152"
    "memorysetup-profiler-bucket-allocator-granularity=16"
    "memorysetup-profiler-bucket-allocator-bucket-count=8"
    "memorysetup-profiler-bucket-allocator-block-size=33554432"
    "memorysetup-profiler-bucket-allocator-block-count=8"
    "memorysetup-profiler-allocator-block-size=16777216"
    "memorysetup-profiler-editor-allocator-block-size=1048576"
    "memorysetup-temp-allocator-size-main=16777216"
    "memorysetup-job-temp-allocator-block-size=2097152"
    "memorysetup-job-temp-allocator-block-size-background=1048576"
    "memorysetup-job-temp-allocator-reduction-small-platforms=262144"
    "memorysetup-allocator-temp-initial-block-size-main=262144"
    "memorysetup-allocator-temp-initial-block-size-worker=262144"
    "memorysetup-temp-allocator-size-background-worker=32768"
    "memorysetup-temp-allocator-size-job-worker=262144"
    "memorysetup-temp-allocator-size-preload-manager=33554432"
    "memorysetup-temp-allocator-size-nav-mesh-worker=65536"
    "memorysetup-temp-allocator-size-audio-worker=65536"
    "memorysetup-temp-allocator-size-cloud-worker=32768"
    "memorysetup-temp-allocator-size-gi-baking-worker=262144"
    "memorysetup-temp-allocator-size-gfx=262144"
Player connection [15216] Host "[IP] 192.168.0.63 [Port] 0 [Flags] 2 [Guid] 3830060121 [EditorId] 3830060121 [Version] 1048832 [Id] WindowsEditor(7,I-10) [Debug] 1 [PackageName] WindowsEditor [ProjectName] Editor" joined multi-casting on [225.0.0.222:54997]...

Player connection [15216] Host "[IP] 192.168.0.63 [Port] 0 [Flags] 2 [Guid] 3830060121 [EditorId] 3830060121 [Version] 1048832 [Id] WindowsEditor(7,I-10) [Debug] 1 [PackageName] WindowsEditor [ProjectName] Editor" joined alternative multi-casting on [225.0.0.222:34997]...

[Physics::Module] Initialized MultithreadedJobDispatcher with 15 workers.
Refreshing native plugins compatible for Editor in 9.14 ms, found 3 plugins.
Preloading 0 native plugins for Editor in 0.00 ms.
Initialize engine version: 2022.3.14f1 (eff2de9070d8)
[Subsystems] Discovering subsystems at path C:/Program Files/Unity/Editor/2022.3.14f1/Editor/Data/Resources/UnitySubsystems
[Subsystems] Discovering subsystems at path C:/Users/Administrator/Desktop/Unity/Program/Assets
GfxDevice: creating device client; threaded=0; jobified=0
Direct3D:
    Version:  Direct3D 11.0 [level 11.1]
    Renderer: NVIDIA GeForce GTX 1660 (ID=0x2184)
    Vendor:   NVIDIA
    VRAM:     5980 MB
    Driver:   31.0.15.3623
Initialize mono
Mono path[0] = 'C:/Program Files/Unity/Editor/2022.3.14f1/Editor/Data/Managed'
Mono path[1] = 'C:/Program Files/Unity/Editor/2022.3.14f1/Editor/Data/MonoBleedingEdge/lib/mono/unityjit-win32'
Mono config path = 'C:/Program Files/Unity/Editor/2022.3.14f1/Editor/Data/MonoBleedingEdge/etc'
Using monoOptions --debugger-agent=transport=dt_socket,embedding=1,server=y,suspend=n,address=127.0.0.1:56892
Begin MonoManager ReloadAssembly
Registering precompiled unity dll's ...
Register platform support module: C:/Program Files/Unity/Editor/2022.3.14f1/Editor/Data/PlaybackEngines/WindowsStandaloneSupport/UnityEditor.WindowsStandalone.Extensions.dll
Registered in 0.013244 seconds.
- Loaded All Assemblies, in  0.355 seconds
Native extension for WindowsStandalone target not found
Mono: successfully reloaded assembly
- Finished resetting the current domain, in  0.243 seconds
Domain Reload Profiling: 595ms
	BeginReloadAssembly (115ms)
		ExecutionOrderSort (0ms)
		DisableScriptedObjects (0ms)
		BackupInstance (0ms)
		ReleaseScriptingObjects (0ms)
		CreateAndSetChildDomain (1ms)
	RebuildCommonClasses (32ms)
	RebuildNativeTypeToScriptingClass (10ms)
	initialDomainReloadingComplete (66ms)
	LoadAllAssembliesAndSetupDomain (129ms)
		LoadAssemblies (111ms)
		RebuildTransferFunctionScriptingTraits (0ms)
		AnalyzeDomain (127ms)
			TypeCache.Refresh (126ms)
				TypeCache.ScanAssembly (113ms)
			ScanForSourceGeneratedMonoScriptInfo (0ms)
			ResolveRequiredComponents (0ms)
	FinalizeReload (243ms)
		ReleaseScriptCaches (0ms)
		RebuildScriptCaches (0ms)
		SetupLoadedEditorAssemblies (187ms)
			LogAssemblyErrors (0ms)
			InitializePlatformSupportModulesInManaged (11ms)
			SetLoadedEditorAssemblies (8ms)
			RefreshPlugins (0ms)
			BeforeProcessingInitializeOnLoad (2ms)
			ProcessInitializeOnLoadAttributes (119ms)
			ProcessInitializeOnLoadMethodAttributes (47ms)
			AfterProcessingInitializeOnLoad (0ms)
			EditorAssembliesLoaded (0ms)
		ExecutionOrderSort2 (0ms)
		AwakeInstancesAfterBackupRestoration (0ms)
========================================================================
Worker process is ready to serve import requests
Begin MonoManager ReloadAssembly
- Loaded All Assemblies, in  0.660 seconds
Refreshing native plugins compatible for Editor in 4.31 ms, found 3 plugins.
Native extension for WindowsStandalone target not found
Package Manager log level set to [2]
[Package Manager] Server::EnsureServerProcessIsRunning -- launch failed, reason: Unity was launched with the -noUpm command-line argument
[Package Manager] UpmClient::Send -- Unable to send message (not connected to UPM process).
[Package Manager] Cannot connect to Unity Package Manager local server
Mono: successfully reloaded assembly
- Finished resetting the current domain, in  0.596 seconds
Domain Reload Profiling: 1250ms
	BeginReloadAssembly (162ms)
		ExecutionOrderSort (0ms)
		DisableScriptedObjects (5ms)
		BackupInstance (0ms)
		ReleaseScriptingObjects (0ms)
		CreateAndSetChildDomain (23ms)
	RebuildCommonClasses (31ms)
	RebuildNativeTypeToScriptingClass (10ms)
	initialDomainReloadingComplete (46ms)
	LoadAllAssembliesAndSetupDomain (405ms)
		LoadAssemblies (340ms)
		RebuildTransferFunctionScriptingTraits (0ms)
		AnalyzeDomain (164ms)
			TypeCache.Refresh (145ms)
				TypeCache.ScanAssembly (130ms)
			ScanForSourceGeneratedMonoScriptInfo (13ms)
			ResolveRequiredComponents (4ms)
	FinalizeReload (596ms)
		ReleaseScriptCaches (0ms)
		RebuildScriptCaches (0ms)
		SetupLoadedEditorAssemblies (456ms)
			LogAssemblyErrors (0ms)
			InitializePlatformSupportModulesInManaged (8ms)
			SetLoadedEditorAssemblies (4ms)
			RefreshPlugins (0ms)
			BeforeProcessingInitializeOnLoad (91ms)
			ProcessInitializeOnLoadAttributes (319ms)
			ProcessInitializeOnLoadMethodAttributes (21ms)
			AfterProcessingInitializeOnLoad (13ms)
			EditorAssembliesLoaded (0ms)
		ExecutionOrderSort2 (0ms)
		AwakeInstancesAfterBackupRestoration (8ms)
Launched and connected shader compiler UnityShaderCompiler.exe after 0.03 seconds
Refreshing native plugins compatible for Editor in 4.37 ms, found 3 plugins.
Preloading 0 native plugins for Editor in 0.00 ms.
Unloading 3098 Unused Serialized files (Serialized files now loaded: 0)
Unloading 32 unused Assets / (56.7 KB). Loaded Objects now: 3560.
Memory consumption went from 122.6 MB to 122.5 MB.
Total: 2.928100 ms (FindLiveObjects: 0.321600 ms CreateObjectMapping: 0.258600 ms MarkObjects: 2.183300 ms  DeleteObjects: 0.163000 ms)

AssetImportParameters requested are different than current active one (requested -> active):
  custom:container-demuxer-ogg: 62fdf1f143b41e24485cea50d1cbac27 -> 
  custom:video-decoder-ogg-theora: a1e56fd34408186e4bbccfd4996cb3dc -> 
  custom:framework-win-MediaFoundation: 216162199b28c13a410421893ffa2e32 -> 
  custom:CustomObjectIndexerAttribute: 756ad292c208cfabdd7b50bc23989ffe -> 
  custom:container-demuxer-webm: 4f35f7cbe854078d1ac9338744f61a02 -> 
  custom:container-muxer-webm: aa71ff27fc2769a1b78a27578f13a17b -> 
  custom:video-decoder-webm-vp8: 9c59270c3fd7afecdb556c50c9e8de78 -> 
  custom:SearchIndexIgnoredProperties: e643bd26f0fe6173181afceb89e7c659 -> 
  custom:AudioImporter_EditorPlatform: d09bf68614088b80899f8185d706f6e7 -> 
  custom:video-encoder-webm-vp8: eb34c28f22e8b96e1ab97ce403110664 -> 
  custom:audio-decoder-ogg-vorbis: bf7c407c2cedff20999df2af8eb42d56 -> 
  custom:audio-encoder-webm-vorbis: bf7c407c2cedff20999df2af8eb42d56 -> 
========================================================================
Received Import Request.
  Time since last request: 367.345644 seconds.
  path: Assets/Class6th (User Interface)/Scripts/ButtonManager.cs
  artifactKey: Guid(bb2b82b14d056c1428ceb9bcd64e0794) Importer(815301076,1909f56bfc062723c751e8b465ee728b)
Start importing Assets/Class6th (User Interface)/Scripts/ButtonManager.cs using Guid(bb2b82b14d056c1428ceb9bcd64e0794) Importer(815301076,1909f56bfc062723c751e8b465ee728b)  -> (artifact id: 'fee08dd5789feef717f9abac38d1fe47') in 0.002237 seconds
Number of updated asset objects reloaded before import = 0
Number of asset objects unloaded after import = 0
========================================================================
Received Prepare
Begin MonoManager ReloadAssembly
- Loaded All Assemblies, in  0.510 seconds
Refreshing native plugins compatible for Editor in 4.85 ms, found 3 plugins.
Native extension for WindowsStandalone target not found
[Package Manager] Server::EnsureServerProcessIsRunning -- launch failed, reason: Unity was launched with the -noUpm command-line argument
[Package Manager] UpmClient::Send -- Unable to send message (not connected to UPM process).
[Package Manager] Cannot connect to Unity Package Manager local server
Mono: successfully reloaded assembly
- Finished resetting the current domain, in  0.970 seconds
Domain Reload Profiling: 1474ms
	BeginReloadAssembly (172ms)
		ExecutionOrderSort (0ms)
		DisableScriptedObjects (5ms)
		BackupInstance (0ms)
		ReleaseScriptingObjects (0ms)
		CreateAndSetChildDomain (38ms)
	RebuildCommonClasses (30ms)
	RebuildNativeTypeToScriptingClass (16ms)
	initialDomainReloadingComplete (34ms)
	LoadAllAssembliesAndSetupDomain (251ms)
		LoadAssemblies (329ms)
		RebuildTransferFunctionScriptingTraits (0ms)
		AnalyzeDomain (13ms)
			TypeCache.Refresh (7ms)
				TypeCache.ScanAssembly (0ms)
			ScanForSourceGeneratedMonoScriptInfo (0ms)
			ResolveRequiredComponents (5ms)
	FinalizeReload (971ms)
		ReleaseScriptCaches (0ms)
		RebuildScriptCaches (0ms)
		SetupLoadedEditorAssemblies (419ms)
			LogAssemblyErrors (0ms)
			InitializePlatformSupportModulesInManaged (8ms)
			SetLoadedEditorAssemblies (3ms)
			RefreshPlugins (0ms)
			BeforeProcessingInitializeOnLoad (90ms)
			ProcessInitializeOnLoadAttributes (287ms)
			ProcessInitializeOnLoadMethodAttributes (19ms)
			AfterProcessingInitializeOnLoad (12ms)
			EditorAssembliesLoaded (0ms)
		ExecutionOrderSort2 (0ms)
		AwakeInstancesAfterBackupRestoration (7ms)
Refreshing native plugins compatible for Editor in 4.51 ms, found 3 plugins.
Preloading 0 native plugins for Editor in 0.00 ms.
Unloading 3090 Unused Serialized files (Serialized files now loaded: 0)
Unloading 23 unused Assets / (31.0 KB). Loaded Objects now: 3563.
Memory consumption went from 123.3 MB to 123.3 MB.
Total: 2.490000 ms (FindLiveObjects: 0.230200 ms CreateObjectMapping: 0.188500 ms MarkObjects: 2.035000 ms  DeleteObjects: 0.035800 ms)

Prepare: number of updated asset objects reloaded= 0
AssetImportParameters requested are different than current active one (requested -> active):
  custom:container-demuxer-ogg: 62fdf1f143b41e24485cea50d1cbac27 -> 
  custom:video-decoder-ogg-theora: a1e56fd34408186e4bbccfd4996cb3dc -> 
  custom:framework-win-MediaFoundation: 216162199b28c13a410421893ffa2e32 -> 
  custom:CustomObjectIndexerAttribute: 756ad292c208cfabdd7b50bc23989ffe -> 
  custom:container-demuxer-webm: 4f35f7cbe854078d1ac9338744f61a02 -> 
  custom:container-muxer-webm: aa71ff27fc2769a1b78a27578f13a17b -> 
  custom:video-decoder-webm-vp8: 9c59270c3fd7afecdb556c50c9e8de78 -> 
  custom:SearchIndexIgnoredProperties: e643bd26f0fe6173181afceb89e7c659 -> 
  custom:AudioImporter_EditorPlatform: d09bf68614088b80899f8185d706f6e7 -> 
  custom:video-encoder-webm-vp8: eb34c28f22e8b96e1ab97ce403110664 -> 
  custom:audio-decoder-ogg-vorbis: bf7c407c2cedff20999df2af8eb42d56 -> 
  custom:audio-encoder-webm-vorbis: bf7c407c2cedff20999df2af8eb42d56 -> 
========================================================================
Received Import Request.
  Time since last request: 274.933610 seconds.
  path: Assets/Class7th (Sound)
  artifactKey: Guid(9d721f27006236c4d9f6acc235a72ce0) Importer(815301076,1909f56bfc062723c751e8b465ee728b)
Start importing Assets/Class7th (Sound) using Guid(9d721f27006236c4d9f6acc235a72ce0) Importer(815301076,1909f56bfc062723c751e8b465ee728b)  -> (artifact id: 'b4602936c32f8120adad3321013a3641') in 0.001763 seconds
Number of updated asset objects reloaded before import = 0
Number of asset objects unloaded after import = 0
========================================================================
Received Import Request.
  Time since last request: 30.631888 seconds.
  path: Assets/Class7th (Sound)/Scenes
  artifactKey: Guid(dd96a0e738863b24ba46ee188d098e68) Importer(815301076,1909f56bfc062723c751e8b465ee728b)
Start importing Assets/Class7th (Sound)/Scenes using Guid(dd96a0e738863b24ba46ee188d098e68) Importer(815301076,1909f56bfc062723c751e8b465ee728b)  -> (artifact id: 'da73756f06496d334ec9d0b9d42b79ba') in 0.000428 seconds
Number of updated asset objects reloaded before import = 0
Number of asset objects unloaded after import = 0
========================================================================
Received Import Request.
  Time since last request: 7.512000 seconds.
  path: Assets/Class7th (Sound)/Scenes/Scene.unity
  artifactKey: Guid(8b9eb1a8f0750ff4c8b8f8b2ea159d12) Importer(815301076,1909f56bfc062723c751e8b465ee728b)
Start importing Assets/Class7th (Sound)/Scenes/Scene.unity using Guid(8b9eb1a8f0750ff4c8b8f8b2ea159d12) Importer(815301076,1909f56bfc062723c751e8b465ee728b)  -> (artifact id: '9824b976d230f219c933f534a4a5bd5f') in 0.000487 seconds
Number of updated asset objects reloaded before import = 0
Number of asset objects unloaded after import = 0
========================================================================
Received Import Request.
  Time since last request: 8.006121 seconds.
  path: Assets/Class6th (User Interface)/Scenes/Scene.unity
  artifactKey: Guid(90158dbd49a3eb94f8f98229c19e9770) Importer(815301076,1909f56bfc062723c751e8b465ee728b)
Start importing Assets/Class6th (User Interface)/Scenes/Scene.unity using Guid(90158dbd49a3eb94f8f98229c19e9770) Importer(815301076,1909f56bfc062723c751e8b465ee728b)  -> (artifact id: '50fb4a30c62af85586871c17852012e3') in 0.000469 seconds
Number of updated asset objects reloaded before import = 0
Number of asset objects unloaded after import = 0
========================================================================
Received Import Request.
  Time since last request: 915.173592 seconds.
  path: Assets/Class7th (Sound)/Sounds
  artifactKey: Guid(9e6383b2ac267ba4e872e51f076fb144) Importer(815301076,1909f56bfc062723c751e8b465ee728b)
Start importing Assets/Class7th (Sound)/Sounds using Guid(9e6383b2ac267ba4e872e51f076fb144) Importer(815301076,1909f56bfc062723c751e8b465ee728b)  -> (artifact id: '8caeb7c24d9055cb0c4aca923acdb624') in 0.000482 seconds
Number of updated asset objects reloaded before import = 0
Number of asset objects unloaded after import = 0
========================================================================
Received Import Request.
  Time since last request: 47.342302 seconds.
  path: Assets/Class7th (Sound)/Sounds/90s-game-ui-6-185099.mp3
  artifactKey: Guid(a657aa6ac49c1bf4e9be60edab415198) Importer(815301076,1909f56bfc062723c751e8b465ee728b)
Start importing Assets/Class7th (Sound)/Sounds/90s-game-ui-6-185099.mp3 using Guid(a657aa6ac49c1bf4e9be60edab415198) Importer(815301076,1909f56bfc062723c751e8b465ee728b)  -> (artifact id: '4e97f2eb46d069d83af7b7c9ab4694c4') in 0.100952 seconds
Number of updated asset objects reloaded before import = 0
Number of asset objects unloaded after import = 2
========================================================================
Received Import Request.
  Time since last request: 0.000024 seconds.
  path: Assets/Class7th (Sound)/Sounds/movement-200697.mp3
  artifactKey: Guid(d73d144a26602ab4186f39a6ea79076c) Importer(815301076,1909f56bfc062723c751e8b465ee728b)
Start importing Assets/Class7th (Sound)/Sounds/movement-200697.mp3 using Guid(d73d144a26602ab4186f39a6ea79076c) Importer(815301076,1909f56bfc062723c751e8b465ee728b)  -> (artifact id: '67865ccbabc7cdddf42d28955cfbac97') in 0.011860 seconds
Number of updated asset objects reloaded before import = 0
Number of asset objects unloaded after import = 2
========================================================================
Received Import Request.
  Time since last request: 27.796879 seconds.
  path: Assets/Class7th (Sound)/Sounds/Scenery.mp3
  artifactKey: Guid(d73d144a26602ab4186f39a6ea79076c) Importer(815301076,1909f56bfc062723c751e8b465ee728b)
Start importing Assets/Class7th (Sound)/Sounds/Scenery.mp3 using Guid(d73d144a26602ab4186f39a6ea79076c) Importer(815301076,1909f56bfc062723c751e8b465ee728b)  -> (artifact id: '7a144d61d4147077bf65e4ad0e4105c9') in 0.007011 seconds
Number of updated asset objects reloaded before import = 0
Number of asset objects unloaded after import = 2
========================================================================
Received Import Request.
  Time since last request: 13.160445 seconds.
  path: Assets/Class7th (Sound)/Sounds/Click.mp3
  artifactKey: Guid(f92e9f4c0196e084ebb25290f825f350) Importer(815301076,1909f56bfc062723c751e8b465ee728b)
Start importing Assets/Class7th (Sound)/Sounds/Click.mp3 using Guid(f92e9f4c0196e084ebb25290f825f350) Importer(815301076,1909f56bfc062723c751e8b465ee728b)  -> (artifact id: '63fb1e83657bdb20598472c1e151ade5') in 0.005990 seconds
Number of updated asset objects reloaded before import = 0
Number of asset objects unloaded after import = 2
========================================================================
Received Import Request.
  Time since last request: 10.693818 seconds.
  path: Assets/Class7th (Sound)/Sounds/Level Up.mp3
  artifactKey: Guid(207ec55173d9eb045817345afea1e2d4) Importer(815301076,1909f56bfc062723c751e8b465ee728b)
Start importing Assets/Class7th (Sound)/Sounds/Level Up.mp3 using Guid(207ec55173d9eb045817345afea1e2d4) Importer(815301076,1909f56bfc062723c751e8b465ee728b)  -> (artifact id: 'b513a844b5fd9fcd380c070362b15f8f') in 0.005884 seconds
Number of updated asset objects reloaded before import = 0
Number of asset objects unloaded after import = 2
========================================================================
Received Import Request.
  Time since last request: 5.023210 seconds.
  path: Assets/Class7th (Sound)/Sounds/Quest Clear.mp3
  artifactKey: Guid(a657aa6ac49c1bf4e9be60edab415198) Importer(815301076,1909f56bfc062723c751e8b465ee728b)
Start importing Assets/Class7th (Sound)/Sounds/Quest Clear.mp3 using Guid(a657aa6ac49c1bf4e9be60edab415198) Importer(815301076,1909f56bfc062723c751e8b465ee728b)  -> (artifact id: '72583dfa17e3c82138b00b28812e5878') in 0.007637 seconds
Number of updated asset objects reloaded before import = 0
Number of asset objects unloaded after import = 2
========================================================================
Received Prepare
Begin MonoManager ReloadAssembly
- Loaded All Assemblies, in  2.116 seconds
Refreshing native plugins compatible for Editor in 4.65 ms, found 3 plugins.
Native extension for WindowsStandalone target not found
[Package Manager] Server::EnsureServerProcessIsRunning -- launch failed, reason: Unity was launched with the -noUpm command-line argument
[Package Manager] UpmClient::Send -- Unable to send message (not connected to UPM process).
[Package Manager] Cannot connect to Unity Package Manager local server
Mono: successfully reloaded assembly
- Finished resetting the current domain, in  6.384 seconds
Domain Reload Profiling: 8496ms
	BeginReloadAssembly (163ms)
		ExecutionOrderSort (0ms)
		DisableScriptedObjects (5ms)
		BackupInstance (0ms)
		ReleaseScriptingObjects (0ms)
		CreateAndSetChildDomain (32ms)
	RebuildCommonClasses (29ms)
	RebuildNativeTypeToScriptingClass (15ms)
	initialDomainReloadingComplete (35ms)
	LoadAllAssembliesAndSetupDomain (1869ms)
		LoadAssemblies (1952ms)
		RebuildTransferFunctionScriptingTraits (0ms)
		AnalyzeDomain (12ms)
			TypeCache.Refresh (6ms)
				TypeCache.ScanAssembly (0ms)
			ScanForSourceGeneratedMonoScriptInfo (0ms)
			ResolveRequiredComponents (4ms)
	FinalizeReload (6385ms)
		ReleaseScriptCaches (0ms)
		RebuildScriptCaches (0ms)
		SetupLoadedEditorAssemblies (438ms)
			LogAssemblyErrors (0ms)
			InitializePlatformSupportModulesInManaged (8ms)
			SetLoadedEditorAssemblies (3ms)
			RefreshPlugins (0ms)
			BeforeProcessingInitializeOnLoad (96ms)
			ProcessInitializeOnLoadAttributes (295ms)
			ProcessInitializeOnLoadMethodAttributes (21ms)
			AfterProcessingInitializeOnLoad (13ms)
			EditorAssembliesLoaded (0ms)
		ExecutionOrderSort2 (0ms)
		AwakeInstancesAfterBackupRestoration (7ms)
Refreshing native plugins compatible for Editor in 5.02 ms, found 3 plugins.
Preloading 0 native plugins for Editor in 0.00 ms.
Unloading 3090 Unused Serialized files (Serialized files now loaded: 0)
Unloading 23 unused Assets / (31.0 KB). Loaded Objects now: 3576.
Memory consumption went from 129.7 MB to 129.7 MB.
Total: 2.713900 ms (FindLiveObjects: 0.237000 ms CreateObjectMapping: 0.205600 ms MarkObjects: 2.230600 ms  DeleteObjects: 0.040100 ms)

Prepare: number of updated asset objects reloaded= 0
AssetImportParameters requested are different than current active one (requested -> active):
  custom:container-demuxer-ogg: 62fdf1f143b41e24485cea50d1cbac27 -> 
  custom:video-decoder-ogg-theora: a1e56fd34408186e4bbccfd4996cb3dc -> 
  custom:framework-win-MediaFoundation: 216162199b28c13a410421893ffa2e32 -> 
  custom:CustomObjectIndexerAttribute: 756ad292c208cfabdd7b50bc23989ffe -> 
  custom:container-demuxer-webm: 4f35f7cbe854078d1ac9338744f61a02 -> 
  custom:container-muxer-webm: aa71ff27fc2769a1b78a27578f13a17b -> 
  custom:video-decoder-webm-vp8: 9c59270c3fd7afecdb556c50c9e8de78 -> 
  custom:SearchIndexIgnoredProperties: e643bd26f0fe6173181afceb89e7c659 -> 
  custom:AudioImporter_EditorPlatform: d09bf68614088b80899f8185d706f6e7 -> 
  custom:video-encoder-webm-vp8: eb34c28f22e8b96e1ab97ce403110664 -> 
  custom:audio-decoder-ogg-vorbis: bf7c407c2cedff20999df2af8eb42d56 -> 
  custom:audio-encoder-webm-vorbis: bf7c407c2cedff20999df2af8eb42d56 -> 
========================================================================
Received Prepare
Begin MonoManager ReloadAssembly
- Loaded All Assemblies, in  0.481 seconds
Refreshing native plugins compatible for Editor in 4.56 ms, found 3 plugins.
Native extension for WindowsStandalone target not found
[Package Manager] Server::EnsureServerProcessIsRunning -- launch failed, reason: Unity was launched with the -noUpm command-line argument
[Package Manager] UpmClient::Send -- Unable to send message (not connected to UPM process).
[Package Manager] Cannot connect to Unity Package Manager local server
Mono: successfully reloaded assembly
- Finished resetting the current domain, in  0.951 seconds
Domain Reload Profiling: 1426ms
	BeginReloadAssembly (157ms)
		ExecutionOrderSort (0ms)
		DisableScriptedObjects (5ms)
		BackupInstance (0ms)
		ReleaseScriptingObjects (0ms)
		CreateAndSetChildDomain (28ms)
	RebuildCommonClasses (29ms)
	RebuildNativeTypeToScriptingClass (10ms)
	initialDomainReloadingComplete (36ms)
	LoadAllAssembliesAndSetupDomain (243ms)
		LoadAssemblies (324ms)
		RebuildTransferFunctionScriptingTraits (0ms)
		AnalyzeDomain (11ms)
			TypeCache.Refresh (6ms)
				TypeCache.ScanAssembly (0ms)
			ScanForSourceGeneratedMonoScriptInfo (0ms)
			ResolveRequiredComponents (4ms)
	FinalizeReload (951ms)
		ReleaseScriptCaches (0ms)
		RebuildScriptCaches (0ms)
		SetupLoadedEditorAssemblies (426ms)
			LogAssemblyErrors (0ms)
			InitializePlatformSupportModulesInManaged (8ms)
			SetLoadedEditorAssemblies (5ms)
			RefreshPlugins (0ms)
			BeforeProcessingInitializeOnLoad (93ms)
			ProcessInitializeOnLoadAttributes (285ms)
			ProcessInitializeOnLoadMethodAttributes (22ms)
			AfterProcessingInitializeOnLoad (13ms)
			EditorAssembliesLoaded (0ms)
		ExecutionOrderSort2 (0ms)
		AwakeInstancesAfterBackupRestoration (7ms)
Refreshing native plugins compatible for Editor in 4.60 ms, found 3 plugins.
Preloading 0 native plugins for Editor in 0.00 ms.
Unloading 3091 Unused Serialized files (Serialized files now loaded: 0)
Unloading 23 unused Assets / (31.0 KB). Loaded Objects now: 3579.
Memory consumption went from 131.9 MB to 131.9 MB.
Total: 2.209400 ms (FindLiveObjects: 0.230600 ms CreateObjectMapping: 0.168100 ms MarkObjects: 1.772800 ms  DeleteObjects: 0.037100 ms)

Prepare: number of updated asset objects reloaded= 0
AssetImportParameters requested are different than current active one (requested -> active):
  custom:container-demuxer-ogg: 62fdf1f143b41e24485cea50d1cbac27 -> 
  custom:video-decoder-ogg-theora: a1e56fd34408186e4bbccfd4996cb3dc -> 
  custom:framework-win-MediaFoundation: 216162199b28c13a410421893ffa2e32 -> 
  custom:CustomObjectIndexerAttribute: 756ad292c208cfabdd7b50bc23989ffe -> 
  custom:container-demuxer-webm: 4f35f7cbe854078d1ac9338744f61a02 -> 
  custom:container-muxer-webm: aa71ff27fc2769a1b78a27578f13a17b -> 
  custom:video-decoder-webm-vp8: 9c59270c3fd7afecdb556c50c9e8de78 -> 
  custom:SearchIndexIgnoredProperties: e643bd26f0fe6173181afceb89e7c659 -> 
  custom:AudioImporter_EditorPlatform: d09bf68614088b80899f8185d706f6e7 -> 
  custom:video-encoder-webm-vp8: eb34c28f22e8b96e1ab97ce403110664 -> 
  custom:audio-decoder-ogg-vorbis: bf7c407c2cedff20999df2af8eb42d56 -> 
  custom:audio-encoder-webm-vorbis: bf7c407c2cedff20999df2af8eb42d56 -> 
========================================================================
Received Import Request.
  Time since last request: 557.955826 seconds.
  path: Assets/Class7th (Sound)/Scripts
  artifactKey: Guid(8d38cce02a51b034a8b4ec58c3486a35) Importer(815301076,1909f56bfc062723c751e8b465ee728b)
Start importing Assets/Class7th (Sound)/Scripts using Guid(8d38cce02a51b034a8b4ec58c3486a35) Importer(815301076,1909f56bfc062723c751e8b465ee728b)  -> (artifact id: 'e332b88979fa3651f116de264cd19c3e') in 0.002151 seconds
Number of updated asset objects reloaded before import = 0
Number of asset objects unloaded after import = 0
========================================================================
Received Import Request.
  Time since last request: 34.062888 seconds.
  path: Assets/Class7th (Sound)/Scripts/AudioManager.cs
  artifactKey: Guid(1cfcb45e9e570b2408f45d1cde5d3519) Importer(815301076,1909f56bfc062723c751e8b465ee728b)
Start importing Assets/Class7th (Sound)/Scripts/AudioManager.cs using Guid(1cfcb45e9e570b2408f45d1cde5d3519) Importer(815301076,1909f56bfc062723c751e8b465ee728b)  -> (artifact id: '35b39ba7412aefa0f611075c5b433022') in 0.000494 seconds
Number of updated asset objects reloaded before import = 0
Number of asset objects unloaded after import = 0
========================================================================
Received Prepare
Begin MonoManager ReloadAssembly
- Loaded All Assemblies, in  0.484 seconds
Refreshing native plugins compatible for Editor in 4.59 ms, found 3 plugins.
Native extension for WindowsStandalone target not found
[Package Manager] Server::EnsureServerProcessIsRunning -- launch failed, reason: Unity was launched with the -noUpm command-line argument
[Package Manager] UpmClient::Send -- Unable to send message (not connected to UPM process).
[Package Manager] Cannot connect to Unity Package Manager local server
Mono: successfully reloaded assembly
- Finished resetting the current domain, in  0.959 seconds
Domain Reload Profiling: 1438ms
	BeginReloadAssembly (159ms)
		ExecutionOrderSort (0ms)
		DisableScriptedObjects (5ms)
		BackupInstance (0ms)
		ReleaseScriptingObjects (0ms)
		CreateAndSetChildDomain (30ms)
	RebuildCommonClasses (30ms)
	RebuildNativeTypeToScriptingClass (10ms)
	initialDomainReloadingComplete (32ms)
	LoadAllAssembliesAndSetupDomain (248ms)
		LoadAssemblies (319ms)
		RebuildTransferFunctionScriptingTraits (0ms)
		AnalyzeDomain (20ms)
			TypeCache.Refresh (8ms)
				TypeCache.ScanAssembly (0ms)
			ScanForSourceGeneratedMonoScriptInfo (6ms)
			ResolveRequiredComponents (5ms)
	FinalizeReload (960ms)
		ReleaseScriptCaches (0ms)
		RebuildScriptCaches (0ms)
		SetupLoadedEditorAssemblies (435ms)
			LogAssemblyErrors (0ms)
			InitializePlatformSupportModulesInManaged (9ms)
			SetLoadedEditorAssemblies (3ms)
			RefreshPlugins (0ms)
			BeforeProcessingInitializeOnLoad (91ms)
			ProcessInitializeOnLoadAttributes (298ms)
			ProcessInitializeOnLoadMethodAttributes (22ms)
			AfterProcessingInitializeOnLoad (12ms)
			EditorAssembliesLoaded (0ms)
		ExecutionOrderSort2 (0ms)
		AwakeInstancesAfterBackupRestoration (8ms)
Refreshing native plugins compatible for Editor in 4.49 ms, found 3 plugins.
Preloading 0 native plugins for Editor in 0.00 ms.
Unloading 3091 Unused Serialized files (Serialized files now loaded: 0)
Unloading 23 unused Assets / (31.1 KB). Loaded Objects now: 3583.
Memory consumption went from 133.6 MB to 133.6 MB.
Total: 2.622500 ms (FindLiveObjects: 0.224000 ms CreateObjectMapping: 0.172500 ms MarkObjects: 2.187800 ms  DeleteObjects: 0.037600 ms)

Prepare: number of updated asset objects reloaded= 0
AssetImportParameters requested are different than current active one (requested -> active):
  custom:container-demuxer-ogg: 62fdf1f143b41e24485cea50d1cbac27 -> 
  custom:video-decoder-ogg-theora: a1e56fd34408186e4bbccfd4996cb3dc -> 
  custom:framework-win-MediaFoundation: 216162199b28c13a410421893ffa2e32 -> 
  custom:CustomObjectIndexerAttribute: 756ad292c208cfabdd7b50bc23989ffe -> 
  custom:container-demuxer-webm: 4f35f7cbe854078d1ac9338744f61a02 -> 
  custom:container-muxer-webm: aa71ff27fc2769a1b78a27578f13a17b -> 
  custom:video-decoder-webm-vp8: 9c59270c3fd7afecdb556c50c9e8de78 -> 
  custom:SearchIndexIgnoredProperties: e643bd26f0fe6173181afceb89e7c659 -> 
  custom:AudioImporter_EditorPlatform: d09bf68614088b80899f8185d706f6e7 -> 
  custom:video-encoder-webm-vp8: eb34c28f22e8b96e1ab97ce403110664 -> 
  custom:audio-decoder-ogg-vorbis: bf7c407c2cedff20999df2af8eb42d56 -> 
  custom:audio-encoder-webm-vorbis: bf7c407c2cedff20999df2af8eb42d56 -> 
========================================================================
Received Import Request.
  Time since last request: 9.027199 seconds.
  path: Assets/Class7th (Sound)/Scripts/AudioManager.cs
  artifactKey: Guid(1cfcb45e9e570b2408f45d1cde5d3519) Importer(815301076,1909f56bfc062723c751e8b465ee728b)
Start importing Assets/Class7th (Sound)/Scripts/AudioManager.cs using Guid(1cfcb45e9e570b2408f45d1cde5d3519) Importer(815301076,1909f56bfc062723c751e8b465ee728b)  -> (artifact id: '7555fb393965ad78d28d94500149bdb7') in 0.001924 seconds
Number of updated asset objects reloaded before import = 0
Number of asset objects unloaded after import = 0
========================================================================
Received Import Request.
  Time since last request: 103.329161 seconds.
  path: Assets/Class7th (Sound)/Scripts/AudioManager.cs
  artifactKey: Guid(1cfcb45e9e570b2408f45d1cde5d3519) Importer(815301076,1909f56bfc062723c751e8b465ee728b)
Start importing Assets/Class7th (Sound)/Scripts/AudioManager.cs using Guid(1cfcb45e9e570b2408f45d1cde5d3519) Importer(815301076,1909f56bfc062723c751e8b465ee728b)  -> (artifact id: '7cfa4b7d794ab015bea94aac10f096d3') in 0.000749 seconds
Number of updated asset objects reloaded before import = 0
Number of asset objects unloaded after import = 0
========================================================================
Received Import Request.
  Time since last request: 76.869922 seconds.
  path: Assets/Class7th (Sound)/Scripts/AudioManager.cs
  artifactKey: Guid(1cfcb45e9e570b2408f45d1cde5d3519) Importer(815301076,1909f56bfc062723c751e8b465ee728b)
Start importing Assets/Class7th (Sound)/Scripts/AudioManager.cs using Guid(1cfcb45e9e570b2408f45d1cde5d3519) Importer(815301076,1909f56bfc062723c751e8b465ee728b)  -> (artifact id: '468925b390732408a88b88f344bb25ba') in 0.000492 seconds
Number of updated asset objects reloaded before import = 0
Number of asset objects unloaded after import = 0
========================================================================
Received Import Request.
  Time since last request: 93.550274 seconds.
  path: Assets/Class7th (Sound)/Scripts/AudioManager.cs
  artifactKey: Guid(1cfcb45e9e570b2408f45d1cde5d3519) Importer(815301076,1909f56bfc062723c751e8b465ee728b)
Start importing Assets/Class7th (Sound)/Scripts/AudioManager.cs using Guid(1cfcb45e9e570b2408f45d1cde5d3519) Importer(815301076,1909f56bfc062723c751e8b465ee728b)  -> (artifact id: 'a951d19f0cbff9c9db0c2c7c841d0785') in 0.000690 seconds
Number of updated asset objects reloaded before import = 0
Number of asset objects unloaded after import = 0
========================================================================
Received Prepare
Begin MonoManager ReloadAssembly
- Loaded All Assemblies, in  0.520 seconds
Refreshing native plugins compatible for Editor in 5.12 ms, found 3 plugins.
Native extension for WindowsStandalone target not found
[Package Manager] Server::EnsureServerProcessIsRunning -- launch failed, reason: Unity was launched with the -noUpm command-line argument
[Package Manager] UpmClient::Send -- Unable to send message (not connected to UPM process).
[Package Manager] Cannot connect to Unity Package Manager local server
Mono: successfully reloaded assembly
- Finished resetting the current domain, in  0.970 seconds
Domain Reload Profiling: 1485ms
	BeginReloadAssembly (164ms)
		ExecutionOrderSort (0ms)
		DisableScriptedObjects (5ms)
		BackupInstance (0ms)
		ReleaseScriptingObjects (0ms)
		CreateAndSetChildDomain (31ms)
	RebuildCommonClasses (30ms)
	RebuildNativeTypeToScriptingClass (12ms)
	initialDomainReloadingComplete (36ms)
	LoadAllAssembliesAndSetupDomain (274ms)
		LoadAssemblies (345ms)
		RebuildTransferFunctionScriptingTraits (0ms)
		AnalyzeDomain (22ms)
			TypeCache.Refresh (10ms)
				TypeCache.ScanAssembly (0ms)
			ScanForSourceGeneratedMonoScriptInfo (6ms)
			ResolveRequiredComponents (5ms)
	FinalizeReload (970ms)
		ReleaseScriptCaches (0ms)
		RebuildScriptCaches (0ms)
		SetupLoadedEditorAssemblies (442ms)
			LogAssemblyErrors (0ms)
			InitializePlatformSupportModulesInManaged (8ms)
			SetLoadedEditorAssemblies (5ms)
			RefreshPlugins (0ms)
			BeforeProcessingInitializeOnLoad (97ms)
			ProcessInitializeOnLoadAttributes (294ms)
			ProcessInitializeOnLoadMethodAttributes (23ms)
			AfterProcessingInitializeOnLoad (14ms)
			EditorAssembliesLoaded (0ms)
		ExecutionOrderSort2 (0ms)
		AwakeInstancesAfterBackupRestoration (8ms)
Refreshing native plugins compatible for Editor in 4.44 ms, found 3 plugins.
Preloading 0 native plugins for Editor in 0.00 ms.
Unloading 3091 Unused Serialized files (Serialized files now loaded: 0)
Unloading 23 unused Assets / (31.0 KB). Loaded Objects now: 3586.
Memory consumption went from 135.5 MB to 135.5 MB.
Total: 2.361100 ms (FindLiveObjects: 0.225700 ms CreateObjectMapping: 0.163500 ms MarkObjects: 1.936000 ms  DeleteObjects: 0.035000 ms)

Prepare: number of updated asset objects reloaded= 0
AssetImportParameters requested are different than current active one (requested -> active):
  custom:container-demuxer-ogg: 62fdf1f143b41e24485cea50d1cbac27 -> 
  custom:video-decoder-ogg-theora: a1e56fd34408186e4bbccfd4996cb3dc -> 
  custom:framework-win-MediaFoundation: 216162199b28c13a410421893ffa2e32 -> 
  custom:CustomObjectIndexerAttribute: 756ad292c208cfabdd7b50bc23989ffe -> 
  custom:container-demuxer-webm: 4f35f7cbe854078d1ac9338744f61a02 -> 
  custom:container-muxer-webm: aa71ff27fc2769a1b78a27578f13a17b -> 
  custom:video-decoder-webm-vp8: 9c59270c3fd7afecdb556c50c9e8de78 -> 
  custom:SearchIndexIgnoredProperties: e643bd26f0fe6173181afceb89e7c659 -> 
  custom:AudioImporter_EditorPlatform: d09bf68614088b80899f8185d706f6e7 -> 
  custom:video-encoder-webm-vp8: eb34c28f22e8b96e1ab97ce403110664 -> 
  custom:audio-decoder-ogg-vorbis: bf7c407c2cedff20999df2af8eb42d56 -> 
  custom:audio-encoder-webm-vorbis: bf7c407c2cedff20999df2af8eb42d56 -> 
========================================================================
Received Import Request.
  Time since last request: 148.835803 seconds.
  path: Assets/Class7th (Sound)/Scripts/AudioManager.cs
  artifactKey: Guid(1cfcb45e9e570b2408f45d1cde5d3519) Importer(815301076,1909f56bfc062723c751e8b465ee728b)
Start importing Assets/Class7th (Sound)/Scripts/AudioManager.cs using Guid(1cfcb45e9e570b2408f45d1cde5d3519) Importer(815301076,1909f56bfc062723c751e8b465ee728b)  -> (artifact id: 'dfa84eecec8cbbea59563becc5d40498') in 0.002149 seconds
Number of updated asset objects reloaded before import = 0
Number of asset objects unloaded after import = 0
========================================================================
Received Prepare
Begin MonoManager ReloadAssembly
- Loaded All Assemblies, in  0.550 seconds
Refreshing native plugins compatible for Editor in 4.65 ms, found 3 plugins.
Native extension for WindowsStandalone target not found
[Package Manager] Server::EnsureServerProcessIsRunning -- launch failed, reason: Unity was launched with the -noUpm command-line argument
[Package Manager] UpmClient::Send -- Unable to send message (not connected to UPM process).
[Package Manager] Cannot connect to Unity Package Manager local server
Mono: successfully reloaded assembly
- Finished resetting the current domain, in  0.961 seconds
Domain Reload Profiling: 1505ms
	BeginReloadAssembly (192ms)
		ExecutionOrderSort (0ms)
		DisableScriptedObjects (5ms)
		BackupInstance (0ms)
		ReleaseScriptingObjects (0ms)
		CreateAndSetChildDomain (36ms)
	RebuildCommonClasses (31ms)
	RebuildNativeTypeToScriptingClass (15ms)
	initialDomainReloadingComplete (38ms)
	LoadAllAssembliesAndSetupDomain (268ms)
		LoadAssemblies (356ms)
		RebuildTransferFunctionScriptingTraits (0ms)
		AnalyzeDomain (21ms)
			TypeCache.Refresh (8ms)
				TypeCache.ScanAssembly (0ms)
			ScanForSourceGeneratedMonoScriptInfo (6ms)
			ResolveRequiredComponents (6ms)
	FinalizeReload (961ms)
		ReleaseScriptCaches (0ms)
		RebuildScriptCaches (0ms)
		SetupLoadedEditorAssemblies (444ms)
			LogAssemblyErrors (0ms)
			InitializePlatformSupportModulesInManaged (8ms)
			SetLoadedEditorAssemblies (6ms)
			RefreshPlugins (0ms)
			BeforeProcessingInitializeOnLoad (93ms)
			ProcessInitializeOnLoadAttributes (306ms)
			ProcessInitializeOnLoadMethodAttributes (18ms)
			AfterProcessingInitializeOnLoad (13ms)
			EditorAssembliesLoaded (0ms)
		ExecutionOrderSort2 (0ms)
		AwakeInstancesAfterBackupRestoration (8ms)
Refreshing native plugins compatible for Editor in 4.34 ms, found 3 plugins.
Preloading 0 native plugins for Editor in 0.00 ms.
Unloading 3091 Unused Serialized files (Serialized files now loaded: 0)
Unloading 23 unused Assets / (31.0 KB). Loaded Objects now: 3589.
Memory consumption went from 137.4 MB to 137.4 MB.
Total: 2.754900 ms (FindLiveObjects: 0.237100 ms CreateObjectMapping: 0.214700 ms MarkObjects: 2.267100 ms  DeleteObjects: 0.035300 ms)

Prepare: number of updated asset objects reloaded= 0
AssetImportParameters requested are different than current active one (requested -> active):
  custom:container-demuxer-ogg: 62fdf1f143b41e24485cea50d1cbac27 -> 
  custom:video-decoder-ogg-theora: a1e56fd34408186e4bbccfd4996cb3dc -> 
  custom:framework-win-MediaFoundation: 216162199b28c13a410421893ffa2e32 -> 
  custom:CustomObjectIndexerAttribute: 756ad292c208cfabdd7b50bc23989ffe -> 
  custom:container-demuxer-webm: 4f35f7cbe854078d1ac9338744f61a02 -> 
  custom:container-muxer-webm: aa71ff27fc2769a1b78a27578f13a17b -> 
  custom:video-decoder-webm-vp8: 9c59270c3fd7afecdb556c50c9e8de78 -> 
  custom:SearchIndexIgnoredProperties: e643bd26f0fe6173181afceb89e7c659 -> 
  custom:AudioImporter_EditorPlatform: d09bf68614088b80899f8185d706f6e7 -> 
  custom:video-encoder-webm-vp8: eb34c28f22e8b96e1ab97ce403110664 -> 
  custom:audio-decoder-ogg-vorbis: bf7c407c2cedff20999df2af8eb42d56 -> 
  custom:audio-encoder-webm-vorbis: bf7c407c2cedff20999df2af8eb42d56 -> 
========================================================================
Received Import Request.
  Time since last request: 484.218320 seconds.
  path: Assets/Class7th (Sound)/Images
  artifactKey: Guid(4859a0f1dd1f4cf4f8d212ae6c677971) Importer(815301076,1909f56bfc062723c751e8b465ee728b)
Start importing Assets/Class7th (Sound)/Images using Guid(4859a0f1dd1f4cf4f8d212ae6c677971) Importer(815301076,1909f56bfc062723c751e8b465ee728b)  -> (artifact id: '2d0bef2d115927e8a717fb1453bfddcd') in 0.002077 seconds
Number of updated asset objects reloaded before import = 0
Number of asset objects unloaded after import = 0
========================================================================
Received Import Request.
  Time since last request: 47.280879 seconds.
  path: Assets/Class7th (Sound)/Images/flat-2126879_1920.png
  artifactKey: Guid(d8ee05818a6736143955e3dd62e85c04) Importer(815301076,1909f56bfc062723c751e8b465ee728b)
Start importing Assets/Class7th (Sound)/Images/flat-2126879_1920.png using Guid(d8ee05818a6736143955e3dd62e85c04) Importer(815301076,1909f56bfc062723c751e8b465ee728b)  -> (artifact id: 'eec324d8d232e9b06b2626b14b3978a2') in 0.074881 seconds
Number of updated asset objects reloaded before import = 0
Number of asset objects unloaded after import = 2
========================================================================
Received Import Request.
  Time since last request: 0.000016 seconds.
  path: Assets/Class7th (Sound)/Images/question-mark-31190_1920.png
  artifactKey: Guid(30a5dea77877871498b0354775e58180) Importer(815301076,1909f56bfc062723c751e8b465ee728b)
Start importing Assets/Class7th (Sound)/Images/question-mark-31190_1920.png using Guid(30a5dea77877871498b0354775e58180) Importer(815301076,1909f56bfc062723c751e8b465ee728b)  -> (artifact id: '332719883a583cc267daf7728fa6853d') in 0.025531 seconds
Number of updated asset objects reloaded before import = 0
Number of asset objects unloaded after import = 2
========================================================================
Received Import Request.
  Time since last request: 12.415951 seconds.
  path: Assets/Class7th (Sound)/Images/Click.png
  artifactKey: Guid(d8ee05818a6736143955e3dd62e85c04) Importer(815301076,1909f56bfc062723c751e8b465ee728b)
Start importing Assets/Class7th (Sound)/Images/Click.png using Guid(d8ee05818a6736143955e3dd62e85c04) Importer(815301076,1909f56bfc062723c751e8b465ee728b)  -> (artifact id: 'dfca85023ef09bf8f14fc1e51fc8a56c') in 0.021746 seconds
Number of updated asset objects reloaded before import = 0
Number of asset objects unloaded after import = 2
========================================================================
Received Import Request.
  Time since last request: 7.695678 seconds.
  path: Assets/Class7th (Sound)/Images/Level Up.png
  artifactKey: Guid(1cdce024cc62e944da318909a26f9deb) Importer(815301076,1909f56bfc062723c751e8b465ee728b)
Start importing Assets/Class7th (Sound)/Images/Level Up.png using Guid(1cdce024cc62e944da318909a26f9deb) Importer(815301076,1909f56bfc062723c751e8b465ee728b)  -> (artifact id: '26c86c9d0958f941042b55d39c6691d8') in 0.020543 seconds
Number of updated asset objects reloaded before import = 0
Number of asset objects unloaded after import = 2
========================================================================
Received Import Request.
  Time since last request: 5.423118 seconds.
  path: Assets/Class7th (Sound)/Images/Quest Clear.png
  artifactKey: Guid(30a5dea77877871498b0354775e58180) Importer(815301076,1909f56bfc062723c751e8b465ee728b)
Start importing Assets/Class7th (Sound)/Images/Quest Clear.png using Guid(30a5dea77877871498b0354775e58180) Importer(815301076,1909f56bfc062723c751e8b465ee728b)  -> (artifact id: 'c48fb4c324d0ec250481655ad2e580c8') in 0.024229 seconds
Number of updated asset objects reloaded before import = 0
Number of asset objects unloaded after import = 2
========================================================================
Received Import Request.
  Time since last request: 11.569855 seconds.
  path: Assets/Class7th (Sound)/Images/Click.png
  artifactKey: Guid(d8ee05818a6736143955e3dd62e85c04) Importer(815301076,1909f56bfc062723c751e8b465ee728b)
Start importing Assets/Class7th (Sound)/Images/Click.png using Guid(d8ee05818a6736143955e3dd62e85c04) Importer(815301076,1909f56bfc062723c751e8b465ee728b)  -> (artifact id: 'c31cc32a9869e5873076187bc117c9cb') in 0.046388 seconds
Number of updated asset objects reloaded before import = 0
Number of asset objects unloaded after import = 3
========================================================================
Received Import Request.
  Time since last request: 0.000013 seconds.
  path: Assets/Class7th (Sound)/Images/Quest Clear.png
  artifactKey: Guid(30a5dea77877871498b0354775e58180) Importer(815301076,1909f56bfc062723c751e8b465ee728b)
Start importing Assets/Class7th (Sound)/Images/Quest Clear.png using Guid(30a5dea77877871498b0354775e58180) Importer(815301076,1909f56bfc062723c751e8b465ee728b)  -> (artifact id: '3f781134c9562e3d87e9a577c4fb0a55') in 0.041090 seconds
Number of updated asset objects reloaded before import = 0
Number of asset objects unloaded after import = 3
========================================================================
Received Import Request.
  Time since last request: 1017.846106 seconds.
  path: Assets/Class7th (Sound)/Scenes/Scene.unity
  artifactKey: Guid(8b9eb1a8f0750ff4c8b8f8b2ea159d12) Importer(815301076,1909f56bfc062723c751e8b465ee728b)
Start importing Assets/Class7th (Sound)/Scenes/Scene.unity using Guid(8b9eb1a8f0750ff4c8b8f8b2ea159d12) Importer(815301076,1909f56bfc062723c751e8b465ee728b)  -> (artifact id: 'ef02d5beada8e64cf782fdee9938287c') in 0.000636 seconds
Number of updated asset objects reloaded before import = 0
Number of asset objects unloaded after import = 0
========================================================================
Received Import Request.
  Time since last request: 54.119675 seconds.
  path: Assets/Class1th (Asset Store)/Models/Free Car/Caff챔 Car/Models/Caff챔 Car.FBX
  artifactKey: Guid(ebaf33ac57aba75419fc13933515a080) Importer(815301076,1909f56bfc062723c751e8b465ee728b)
Start importing Assets/Class1th (Asset Store)/Models/Free Car/Caff챔 Car/Models/Caff챔 Car.FBX using Guid(ebaf33ac57aba75419fc13933515a080) Importer(815301076,1909f56bfc062723c751e8b465ee728b)  -> (artifact id: '98f51df101ccb222c717ff38d93cc2b4') in 0.161184 seconds
Number of updated asset objects reloaded before import = 0
Number of asset objects unloaded after import = 31
========================================================================
Received Import Request.
  Time since last request: 0.000018 seconds.
  path: Assets/Class3th (Animator)/Textures/Ch36_1001_Specular.png
  artifactKey: Guid(d65c2a824c8d4cb458df1e419f27cee1) Importer(815301076,1909f56bfc062723c751e8b465ee728b)
Start importing Assets/Class3th (Animator)/Textures/Ch36_1001_Specular.png using Guid(d65c2a824c8d4cb458df1e419f27cee1) Importer(815301076,1909f56bfc062723c751e8b465ee728b)  -> (artifact id: '3e1c8569aae6b873a71c0703a3419b99') in 0.030761 seconds
Number of updated asset objects reloaded before import = 0
Number of asset objects unloaded after import = 2
========================================================================
Received Import Request.
  Time since last request: 0.000020 seconds.
  path: Assets/Class3th (Animator)/Textures/Ch36_1001_Normal.png
  artifactKey: Guid(ea1e2f3c123633142b1b7d25dde733ec) Importer(815301076,1909f56bfc062723c751e8b465ee728b)
Start importing Assets/Class3th (Animator)/Textures/Ch36_1001_Normal.png using Guid(ea1e2f3c123633142b1b7d25dde733ec) Importer(815301076,1909f56bfc062723c751e8b465ee728b)  -> (artifact id: 'c02e1b8c70ddecae29e670c467856025') in 0.030154 seconds
Number of updated asset objects reloaded before import = 0
Number of asset objects unloaded after import = 2
Editor requested this worker to shutdown with reason: Scaling down because of idle timeout
TcpMessagingSession - receive error: operation aborted. errorcode: 995, details: 스레드 종료 또는 응용 프로그램 요청 때문에 I/O 작업이 취소되었습니다.
AssetImportWorker is now disconnected from the server
Process exiting
Exiting without the bug reporter. Application will terminate with return code 0